<?xml version="1.0" encoding="UTF-8" ?>
<HumanResourceDepartment>
    <Department id="1" name="Info">
        <Employee id="1" name="Ivanov" age="20" role="Copywriter" experience="2"/>
        <Employee id="2" name="Petrov" age="22" role="Copywriter" experience="1"/>
        <Employee name="Lemon" age="40" role="PR Manager" experience="12"/> <!-- EMPLOYEE WITH NO ID -->
        <Employee id="4" name="Ivanov" age="35" role="Copywriter" experience="5"/>
    </Department>
</HumanResourceDepartment>